make all --print-data-base --no-builtin-variables --no-builtin-rules --question
# GNU Make 4.3
# Built for x86_64-pc-linux-gnu
# Copyright (C) 1988-2020 Free Software Foundation, Inc.
# License GPLv3+: GNU GPL version 3 or later <http://gnu.org/licenses/gpl.html>
# This is free software: you are free to change and redistribute it.
# There is NO WARRANTY, to the extent permitted by law.

# Make data base, printed on Wed Jun  8 22:17:20 2022

# Variables

# environment
GDK_BACKEND = x11
# environment
LC_ALL = C
# environment
NO_AT_BRIDGE = 1
# environment
I3SOCK = /run/user/1000/i3/ipc-socket.1233
# environment
VSCODE_IPC_HOOK_EXTHOST = /run/user/1000/vscode-ipc-e89fa480-ac38-440e-8e91-ac9ebb5af341.sock
# environment
VSCODE_CWD = /home/skeletor
# default
MAKE_COMMAND := make
# automatic
@D = $(patsubst %/,%,$(dir $@))
# environment
VSCODE_HANDLES_UNCAUGHT_ERRORS = true
# default
.VARIABLES := 
# environment
PWD = /home/skeletor/Workspace/ruby/valhalla-car-repair-shop
# automatic
%D = $(patsubst %/,%,$(dir $%))
# environment
MAIL = /var/spool/mail/skeletor
# automatic
^D = $(patsubst %/,%,$(dir $^))
# environment
VSCODE_LOG_STACK = false
# automatic
%F = $(notdir $%)
# environment
VSCODE_CODE_CACHE_PATH = /home/skeletor/.config/Code/CachedData/c3511e6c69bb39013c4a4b7b9566ec1ca73fc4d5
# environment
XDG_SESSION_PATH = /org/freedesktop/DisplayManager/Session0
# environment
LANG = C
# environment
XAUTHORITY = /home/skeletor/.Xauthority
# default
.LOADED := 
# default
.INCLUDE_DIRS = /usr/include /usr/local/include /usr/include
# makefile
MAKEFLAGS = pqrR
# makefile
CURDIR := /home/skeletor/Workspace/ruby/valhalla-car-repair-shop
# environment
VSCODE_PIPE_LOGGING = true
# environment
APPLICATION_INSIGHTS_NO_DIAGNOSTIC_CHANNEL = 1
# automatic
*D = $(patsubst %/,%,$(dir $*))
# environment
MFLAGS = -pqrR
# default
.SHELLFLAGS := -c
# automatic
+D = $(patsubst %/,%,$(dir $+))
# environment
XDG_SESSION_DESKTOP = i3
# makefile (from 'Makefile', line 1)
MAKEFILE_LIST := Makefile
# automatic
@F = $(notdir $@)
# environment
VSCODE_VERBOSE_LOGGING = true
# environment
VSCODE_PID = 1939
# environment
XDG_SESSION_TYPE = x11
# automatic
?D = $(patsubst %/,%,$(dir $?))
# automatic
*F = $(notdir $*)
# environment
CHROME_DESKTOP = code-url-handler.desktop
# environment
DBUS_SESSION_BUS_ADDRESS = unix:path=/run/user/1000/bus
# automatic
<D = $(patsubst %/,%,$(dir $<))
# environment
VSCODE_NLS_CONFIG = {"locale":"en-us","availableLanguages":{},"_languagePackSupport":true}
# default
MAKE_HOST := x86_64-pc-linux-gnu
# makefile
SHELL = /bin/sh
# default
MAKECMDGOALS := all
# environment
DOTNET_BUNDLE_EXTRACT_BASE_DIR = /home/skeletor/.cache/dotnet_bundle_extract
# environment
SHLVL = 1
# environment
MAKELEVEL := 0
# default
MAKE = $(MAKE_COMMAND)
# environment
PATH = /usr/local/bin:/usr/bin:/bin:/usr/local/sbin:/home/skeletor/.dotnet/tools:/usr/lib/jvm/default/bin:/usr/bin/site_perl:/usr/bin/vendor_perl:/usr/bin/core_perl
# default
MAKEFILES := 
# environment
MOTD_SHOWN = pam
# automatic
^F = $(notdir $^)
# environment
VSCODE_LOG_NATIVE = false
# automatic
?F = $(notdir $?)
# environment
XDG_SEAT = seat0
# environment
XDG_CURRENT_DESKTOP = i3
# automatic
+F = $(notdir $+)
# environment
XDG_SEAT_PATH = /org/freedesktop/DisplayManager/Seat0
# environment
DESKTOP_SESSION = i3
# environment
ORIGINAL_XDG_CURRENT_DESKTOP = i3
# 'override' directive
GNUMAKEFLAGS := 
# environment
LOGNAME = skeletor
# environment
XDG_VTNR = 7
# makefile
.DEFAULT_GOAL := build
# environment
DISPLAY = :0
# environment
GTK_MODULES = canberra-gtk-module
# environment
USER = skeletor
# default
MAKE_VERSION := 4.3
# environment
_ = /usr/bin/make
# environment
XDG_RUNTIME_DIR = /run/user/1000
# environment
XDG_SESSION_CLASS = user
# environment
VSCODE_AMD_ENTRYPOINT = vs/workbench/api/node/extensionHostProcess
# environment
HOME = /home/skeletor
# environment
ELECTRON_RUN_AS_NODE = 1
# environment
VSCODE_IPC_HOOK = /run/user/1000/vscode-f3f08d6a-1.67.2-main.sock
# environment
XDG_SESSION_ID = 2
# default
.RECIPEPREFIX := 
# automatic
<F = $(notdir $<)
# default
SUFFIXES := 
# environment
VSCODE_CLI = 1
# environment
ELECTRON_NO_ATTACH_CONSOLE = 1
# environment
XDG_GREETER_DATA_DIR = /var/lib/lightdm-data/skeletor
# default
.FEATURES := target-specific order-only second-expansion else-if shortest-stem undefine oneshell nocomment grouped-target extra-prereqs archives jobserver output-sync check-symlink guile load
# environment
DOTNET_ROOT = /usr/share/dotnet
# environment
GDMSESSION = i3
# variable set hash-table stats:
# Load=86/1024=8%, Rehash=0, Collisions=3/116=3%

# Pattern-specific Variable Values

# No pattern-specific variable values.

# Directories

# . (device 66307, inode 6554991): 36 files, no impossibilities.

# 36 files, no impossibilities in 1 directories.

# Implicit Rules

# No implicit rules.

# Files

seed:
#  Implicit rule search has not been done.
#  Modification time never checked.
#  File has not been updated.
#  recipe to execute (from 'Makefile', line 23):
	@echo "Seeding database"
	@docker exec valhalla bash -c "rake db:seed"

setup:
#  Implicit rule search has not been done.
#  Modification time never checked.
#  File has not been updated.
#  recipe to execute (from 'Makefile', line 14):
	@echo "Initial setup for the project"
	@docker exec valhalla bash -c "bundle install"
	@docker exec valhalla bash -c "rails db:migrate"
	@docker exec valhalla bash -c "rails db:seed"

# Not a target:
Makefile:
#  Implicit rule search has been done.
#  Last modified 2022-05-25 12:07:25.736130266
#  File has been updated.
#  Successfully updated.

npm-sync:
#  Implicit rule search has not been done.
#  Modification time never checked.
#  File has not been updated.
#  recipe to execute (from 'Makefile', line 46):
	@echo "Installing npm packages"
	@docker exec valhalla bash -c "npm install"

up:
#  Implicit rule search has not been done.
#  Modification time never checked.
#  File has not been updated.
#  recipe to execute (from 'Makefile', line 5):
	@docker-compose up -d

run-test:
#  Implicit rule search has not been done.
#  Modification time never checked.
#  File has not been updated.
#  recipe to execute (from 'Makefile', line 31):
	@echo "Running tests"
	@docker exec valhalla bash -c "rails test"

reset:
#  Implicit rule search has not been done.
#  Modification time never checked.
#  File has not been updated.
#  recipe to execute (from 'Makefile', line 35):
	@echo "Resetting database"
	@docker exec valhalla bash -c "rake db:reset"
	@docker exec valhalla bash -c "rails db:migrate"
	@docker exec valhalla bash -c "rails db:seed"

# Not a target:
.DEFAULT:
#  Implicit rule search has not been done.
#  Modification time never checked.
#  File has not been updated.

# Not a target:
all:
#  Command line target.
#  Implicit rule search has been done.
#  File does not exist.
#  File has not been updated.

build:
#  Implicit rule search has not been done.
#  Modification time never checked.
#  File has not been updated.
#  recipe to execute (from 'Makefile', line 2):
	@docker-compose build 

migrate:
#  Implicit rule search has not been done.
#  Modification time never checked.
#  File has not been updated.
#  recipe to execute (from 'Makefile', line 41):
	@echo "Migrating"
	@docker exec valhalla bash -c "rails db:migrate"

up-int:
#  Implicit rule search has not been done.
#  Modification time never checked.
 
make: *** No rule to make target 'all'.  Stop.

#  File has not been updated.
#  recipe to execute (from 'Makefile', line 8):
	@docker-compose up

gem-sync:
#  Implicit rule search has not been done.
#  Modification time never checked.
#  File has not been updated.
#  recipe to execute (from 'Makefile', line 27):
	@echo "Updating gems"
	@docker exec valhalla bash -c "bundle install"

sh:
#  Implicit rule search has not been done.
#  Modification time never checked.
#  File has not been updated.
#  recipe to execute (from 'Makefile', line 20):
	@docker exec -it valhalla bash

down:
#  Implicit rule search has not been done.
#  Modification time never checked.
#  File has not been updated.
#  recipe to execute (from 'Makefile', line 11):
	@docker-compose down

# files hash-table stats:
# Load=16/1024=2%, Rehash=0, Collisions=0/26=0%
# VPATH Search Paths

# No 'vpath' search paths.

# No general ('VPATH' variable) search path.

# strcache buffers: 1 (0) / strings = 53 / storage = 466 B / avg = 8 B
# current buf: size = 8162 B / used = 466 B / count = 53 / avg = 8 B

# strcache performance: lookups = 69 / hit rate = 23%
# hash-table stats:
# Load=53/8192=1%, Rehash=0, Collisions=0/69=0%
# Finished Make data base on Wed Jun  8 22:17:20 2022

 
